FacebookLess/launcher/build/intermediates/manifest_merge_blame_file/debug/manifest-merger-blame-debug-report.txt
1<?xml version="1.0" encoding="utf-8"?>
2<!-- GENERATED BY UNITY. REMOVE THIS COMMENT TO PREVENT OVERWRITING WHEN EXPORTING AGAIN -->
3<manifest xmlns:android="http://schemas.android.com/apk/res/android"
4    package="com.DNRT.DNRTApp"
5    android:installLocation="preferExternal"
6    android:versionCode="1"
7    android:versionName="0.1" >
8
9    <uses-sdk
10        android:minSdkVersion="24"
10-->src\main\AndroidManifest.xml
11        android:targetSdkVersion="28" />
11-->src\main\AndroidManifest.xml
12
13    <supports-screens
13-->src\main\AndroidManifest.xml:4:3-163
14        android:anyDensity="true"
14-->src\main\AndroidManifest.xml:4:135-160
15        android:largeScreens="true"
15-->src\main\AndroidManifest.xml:4:78-105
16        android:normalScreens="true"
16-->src\main\AndroidManifest.xml:4:49-77
17        android:smallScreens="true"
17-->src\main\AndroidManifest.xml:4:21-48
18        android:xlargeScreens="true" />
18-->src\main\AndroidManifest.xml:4:106-134
19
20    <uses-feature android:glEsVersion="0x00030000" />
20-->[:unityLibrary] AndroidManifest.xml:19:5-54
20-->[:unityLibrary] AndroidManifest.xml:19:19-51
21    <uses-feature
21-->[:unityLibrary] AndroidManifest.xml:20:5-22:36
22        android:name="android.hardware.vulkan.version"
22-->[:unityLibrary] AndroidManifest.xml:21:9-55
23        android:required="false" />
23-->[:unityLibrary] AndroidManifest.xml:22:9-33
24
25    <uses-permission android:name="android.permission.INTERNET" />
25-->[:unityLibrary] AndroidManifest.xml:24:5-67
25-->[:unityLibrary] AndroidManifest.xml:24:22-64
26    <uses-permission android:name="android.permission.ACCESS_FINE_LOCATION" />
26-->[:unityLibrary] AndroidManifest.xml:25:5-79
26-->[:unityLibrary] AndroidManifest.xml:25:22-76
27
28    <uses-feature
28-->[:unityLibrary] AndroidManifest.xml:27:5-29:36
29        android:name="android.hardware.location.gps"
29-->[:unityLibrary] AndroidManifest.xml:28:9-53
30        android:required="true" />
30-->[:unityLibrary] AndroidManifest.xml:29:9-33
31    <uses-feature
31-->[:unityLibrary] AndroidManifest.xml:30:5-32:36
32        android:name="android.hardware.location"
32-->[:unityLibrary] AndroidManifest.xml:31:9-49
33        android:required="false" />
33-->[:unityLibrary] AndroidManifest.xml:32:9-33
34    <uses-feature
34-->[:unityLibrary] AndroidManifest.xml:33:5-35:36
35        android:name="android.hardware.touchscreen"
35-->[:unityLibrary] AndroidManifest.xml:34:9-52
36        android:required="false" />
36-->[:unityLibrary] AndroidManifest.xml:35:9-33
37    <uses-feature
37-->[:unityLibrary] AndroidManifest.xml:36:5-38:36
38        android:name="android.hardware.touchscreen.multitouch"
38-->[:unityLibrary] AndroidManifest.xml:37:9-63
39        android:required="false" />
39-->[:unityLibrary] AndroidManifest.xml:38:9-33
40    <uses-feature
40-->[:unityLibrary] AndroidManifest.xml:39:5-41:36
41        android:name="android.hardware.touchscreen.multitouch.distinct"
41-->[:unityLibrary] AndroidManifest.xml:40:9-72
42        android:required="false" />
42-->[:unityLibrary] AndroidManifest.xml:41:9-33
43
44    <uses-permission android:name="android.permission.ACCESS_COARSE_LOCATION" />
44-->[:com.mapbox.android.unity-debug:] AndroidManifest.xml:12:5-81
44-->[:com.mapbox.android.unity-debug:] AndroidManifest.xml:12:22-78
45
46    <uses-feature
46-->[:google_ar_required:] AndroidManifest.xml:9:5-86
47        android:name="android.hardware.camera.ar"
47-->[:google_ar_required:] AndroidManifest.xml:9:19-60
48        android:required="true" />
48-->[:google_ar_required:] AndroidManifest.xml:9:61-84
49
50    <uses-permission android:name="android.permission.WRITE_EXTERNAL_STORAGE" />
51    <uses-permission android:name="android.permission.READ_PHONE_STATE" />
52    <uses-permission android:name="android.permission.READ_EXTERNAL_STORAGE" />
53    <uses-permission android:name="android.permission.ACCESS_NETWORK_STATE" /> <!-- Required for CrashReporterJobIntentService on API levels below 25 -->
53-->[:libcore-release:] AndroidManifest.xml:12:5-79
53-->[:libcore-release:] AndroidManifest.xml:12:22-76
54    <uses-permission android:name="android.permission.WAKE_LOCK" />
54-->[:libtelemetry-full-release:] AndroidManifest.xml:12:5-68
54-->[:libtelemetry-full-release:] AndroidManifest.xml:12:22-65
55    <uses-permission android:name="android.permission.ACCESS_WIFI_STATE" />
55-->[:libtelemetry-full-release:] AndroidManifest.xml:15:5-76
55-->[:libtelemetry-full-release:] AndroidManifest.xml:15:22-73
56
57    <application
57-->src\main\AndroidManifest.xml:5:3-83
58        android:allowBackup="true"
58-->[:Pedometer:] AndroidManifest.xml:12:9-35
59        android:debuggable="true"
59-->[:unityLibrary] AndroidManifest.xml:44:9-34
60        android:extractNativeLibs="false"
61        android:icon="@mipmap/app_icon"
61-->src\main\AndroidManifest.xml:5:49-80
62        android:label="@string/app_name"
62-->src\main\AndroidManifest.xml:5:16-48
63        android:supportsRtl="true"
63-->[:Pedometer:] AndroidManifest.xml:14:9-35
64        android:theme="@android:style/Theme.NoTitleBar.Fullscreen" >
64-->[:unityLibrary] AndroidManifest.xml:47:9-67
65        <activity
65-->[:unityLibrary] AndroidManifest.xml:48:9-67:20
66            android:name="com.unity3d.player.UnityPlayerActivity"
66-->[:unityLibrary] AndroidManifest.xml:49:13-66
67            android:configChanges="mcc|mnc|locale|touchscreen|keyboard|keyboardHidden|navigation|orientation|screenLayout|uiMode|screenSize|smallestScreenSize|fontScale|layoutDirection|density"
67-->[:unityLibrary] AndroidManifest.xml:50:13-194
68            android:hardwareAccelerated="false"
68-->[:unityLibrary] AndroidManifest.xml:51:13-48
69            android:label="@string/app_name"
69-->[:unityLibrary] AndroidManifest.xml:52:13-45
70            android:launchMode="singleTask"
70-->[:unityLibrary] AndroidManifest.xml:53:13-44
71            android:screenOrientation="portrait" >
71-->[:unityLibrary] AndroidManifest.xml:54:13-49
72            <intent-filter>
72-->[:unityLibrary] AndroidManifest.xml:55:13-59:29
73                <action android:name="android.intent.action.MAIN" />
73-->[:unityLibrary] AndroidManifest.xml:56:17-69
73-->[:unityLibrary] AndroidManifest.xml:56:25-66
74
75                <category android:name="android.intent.category.LAUNCHER" />
75-->[:unityLibrary] AndroidManifest.xml:58:17-77
75-->[:unityLibrary] AndroidManifest.xml:58:27-74
76            </intent-filter>
77
78            <meta-data
78-->[:unityLibrary] AndroidManifest.xml:61:13-63:40
79                android:name="unityplayer.UnityActivity"
79-->[:unityLibrary] AndroidManifest.xml:62:17-57
80                android:value="true" />
80-->[:unityLibrary] AndroidManifest.xml:63:17-37
81            <meta-data
81-->[:unityLibrary] AndroidManifest.xml:64:13-66:40
82                android:name="android.notch_support"
82-->[:unityLibrary] AndroidManifest.xml:65:17-53
83                android:value="true" />
83-->[:unityLibrary] AndroidManifest.xml:66:17-37
84        </activity>
85        <activity
85-->[:unityLibrary] AndroidManifest.xml:68:9-71:86
86            android:name="com.facebook.unity.FBUnityLoginActivity"
86-->[:unityLibrary] AndroidManifest.xml:69:13-67
87            android:configChanges="fontScale|keyboard|keyboardHidden|locale|mnc|mcc|navigation|orientation|screenLayout|screenSize|smallestScreenSize|uiMode|touchscreen"
87-->[:unityLibrary] AndroidManifest.xml:70:13-170
88            android:theme="@android:style/Theme.Translucent.NoTitleBar.Fullscreen" />
88-->[:unityLibrary] AndroidManifest.xml:71:13-83
89        <activity
89-->[:unityLibrary] AndroidManifest.xml:72:9-75:86
90            android:name="com.facebook.unity.FBUnityDialogsActivity"
90-->[:unityLibrary] AndroidManifest.xml:73:13-69
91            android:configChanges="fontScale|keyboard|keyboardHidden|locale|mnc|mcc|navigation|orientation|screenLayout|screenSize|smallestScreenSize|uiMode|touchscreen"
91-->[:unityLibrary] AndroidManifest.xml:74:13-170
92            android:theme="@android:style/Theme.Translucent.NoTitleBar.Fullscreen" />
92-->[:unityLibrary] AndroidManifest.xml:75:13-83
93        <activity
93-->[:unityLibrary] AndroidManifest.xml:76:9-79:86
94            android:name="com.facebook.unity.FBUnityGamingServicesFriendFinderActivity"
94-->[:unityLibrary] AndroidManifest.xml:77:13-88
95            android:configChanges="fontScale|keyboard|keyboardHidden|locale|mnc|mcc|navigation|orientation|screenLayout|screenSize|smallestScreenSize|uiMode|touchscreen"
95-->[:unityLibrary] AndroidManifest.xml:78:13-170
96            android:theme="@android:style/Theme.Translucent.NoTitleBar.Fullscreen" />
96-->[:unityLibrary] AndroidManifest.xml:79:13-83
97        <activity
97-->[:unityLibrary] AndroidManifest.xml:80:9-82:39
98            android:name="com.facebook.unity.FBUnityAppLinkActivity"
98-->[:unityLibrary] AndroidManifest.xml:81:13-69
99            android:exported="true" />
99-->[:unityLibrary] AndroidManifest.xml:82:13-36
100        <activity
100-->[:unityLibrary] AndroidManifest.xml:83:9-85:39
101            android:name="com.facebook.unity.FBUnityDeepLinkingActivity"
101-->[:unityLibrary] AndroidManifest.xml:84:13-73
102            android:exported="true" />
102-->[:unityLibrary] AndroidManifest.xml:85:13-36
103        <activity android:name="com.facebook.unity.FBUnityGameRequestActivity" />
103-->[:unityLibrary] AndroidManifest.xml:86:9-82
103-->[:unityLibrary] AndroidManifest.xml:86:19-79
104        <activity android:name="com.facebook.unity.FBUnityCreateGameGroupActivity" />
104-->[:unityLibrary] AndroidManifest.xml:87:9-86
104-->[:unityLibrary] AndroidManifest.xml:87:19-83
105        <activity android:name="com.facebook.unity.FBUnityJoinGameGroupActivity" />
105-->[:unityLibrary] AndroidManifest.xml:88:9-84
105-->[:unityLibrary] AndroidManifest.xml:88:19-81
106
107        <meta-data
107-->[:unityLibrary] AndroidManifest.xml:90:9-92:49
108            android:name="com.facebook.sdk.ApplicationId"
108-->[:unityLibrary] AndroidManifest.xml:91:13-58
109            android:value="fb216377300232034" />
109-->[:unityLibrary] AndroidManifest.xml:92:13-46
110        <meta-data
110-->[:unityLibrary] AndroidManifest.xml:93:9-95:36
111            android:name="com.facebook.sdk.AutoLogAppEventsEnabled"
111-->[:unityLibrary] AndroidManifest.xml:94:13-68
112            android:value="true" />
112-->[:unityLibrary] AndroidManifest.xml:95:13-33
113        <meta-data
113-->[:unityLibrary] AndroidManifest.xml:96:9-98:36
114            android:name="com.facebook.sdk.AdvertiserIDCollectionEnabled"
114-->[:unityLibrary] AndroidManifest.xml:97:13-74
115            android:value="true" />
115-->[:unityLibrary] AndroidManifest.xml:98:13-33
116
117        <provider
117-->[:unityLibrary] AndroidManifest.xml:100:9-103:39
118            android:name="com.facebook.FacebookContentProvider"
118-->[:unityLibrary] AndroidManifest.xml:101:13-64
119            android:authorities="com.facebook.app.FacebookContentProvider216377300232034"
119-->[:unityLibrary] AndroidManifest.xml:102:13-90
120            android:exported="true" />
120-->[:unityLibrary] AndroidManifest.xml:103:13-36
121
122        <meta-data
122-->[:unityLibrary] AndroidManifest.xml:105:9-107:33
123            android:name="unity.splash-mode"
123-->[:unityLibrary] AndroidManifest.xml:106:13-45
124            android:value="2" />
124-->[:unityLibrary] AndroidManifest.xml:107:13-30
125        <meta-data
125-->[:unityLibrary] AndroidManifest.xml:108:9-110:36
126            android:name="unity.splash-enable"
126-->[:unityLibrary] AndroidManifest.xml:109:13-47
127            android:value="True" />
127-->[:unityLibrary] AndroidManifest.xml:110:13-33
128        <meta-data
128-->[:unityLibrary] AndroidManifest.xml:111:9-113:50
129            android:name="notch.config"
129-->[:unityLibrary] AndroidManifest.xml:112:13-40
130            android:value="portrait|landscape" />
130-->[:unityLibrary] AndroidManifest.xml:113:13-47
131        <meta-data
131-->[:unityLibrary] AndroidManifest.xml:114:9-116:68
132            android:name="unity.build-id"
132-->[:unityLibrary] AndroidManifest.xml:115:13-42
133            android:value="9fd04a1c-45ba-4843-a441-4ba85bf2a29f" /> <!-- This activity is critical for installing ARCore when it is not already present. -->
133-->[:unityLibrary] AndroidManifest.xml:116:13-65
134        <activity
134-->[:arcore_client:] AndroidManifest.xml:31:9-37:80
135            android:name="com.google.ar.core.InstallActivity"
135-->[:arcore_client:] AndroidManifest.xml:32:13-62
136            android:configChanges="keyboardHidden|orientation|screenSize"
136-->[:arcore_client:] AndroidManifest.xml:33:13-74
137            android:excludeFromRecents="true"
137-->[:arcore_client:] AndroidManifest.xml:34:13-46
138            android:exported="false"
138-->[:arcore_client:] AndroidManifest.xml:35:13-37
139            android:launchMode="singleTop"
139-->[:arcore_client:] AndroidManifest.xml:36:13-43
140            android:theme="@android:style/Theme.Material.Light.Dialog.Alert" /> <!-- The minimal version code of ARCore APK required for an app using this SDK. -->
140-->[:arcore_client:] AndroidManifest.xml:37:13-77
141        <meta-data
141-->[:arcore_client:] AndroidManifest.xml:39:9-41:41
142            android:name="com.google.ar.core.min_apk_version"
142-->[:arcore_client:] AndroidManifest.xml:40:13-62
143            android:value="180129103" />
143-->[:arcore_client:] AndroidManifest.xml:41:13-38
144        <meta-data
144-->[:google_ar_required:] AndroidManifest.xml:7:9-81
145            android:name="com.google.ar.core"
145-->[:google_ar_required:] AndroidManifest.xml:7:20-53
146            android:value="required" />
146-->[:google_ar_required:] AndroidManifest.xml:7:54-78
147
148        <provider
148-->[:libtelemetry-full-release:] AndroidManifest.xml:19:9-23:39
149            android:name="com.mapbox.android.telemetry.provider.MapboxTelemetryInitProvider"
149-->[:libtelemetry-full-release:] AndroidManifest.xml:20:13-93
150            android:authorities="com.DNRT.DNRTApp.mapboxtelemetryinitprovider"
150-->[:libtelemetry-full-release:] AndroidManifest.xml:21:13-79
151            android:exported="false"
151-->[:libtelemetry-full-release:] AndroidManifest.xml:22:13-37
152            android:initOrder="100" />
152-->[:libtelemetry-full-release:] AndroidManifest.xml:23:13-36
153
154        <service
154-->[:libtelemetry-full-release:] AndroidManifest.xml:25:9-27:72
155            android:name="com.mapbox.android.telemetry.crash.CrashReporterJobIntentService"
155-->[:libtelemetry-full-release:] AndroidManifest.xml:26:13-92
156            android:permission="android.permission.BIND_JOB_SERVICE" />
156-->[:libtelemetry-full-release:] AndroidManifest.xml:27:13-69
157    </application>
158
159</manifest>